<?xml version="1.0" encoding="UTF-8"?>
<!-- Generated by org.testng.reporters.JUnitXMLReporter -->
<testsuite ignored="1" hostname="LAPTOP-840DAPSM" failures="0" tests="1" name="Default test" time="51.899" errors="0" timestamp="2024-03-17T16:14:23 IST">
  <testcase classname="com.amazon.tests.AddProductsTest" name="addProductsToCart" time="50.209"/>
  <testcase classname="com.amazon.tests.AddProductsTest" name="createAccout" time="0.0">
    <ignored/>
  </testcase> <!-- createAccout -->
</testsuite> <!-- Default test -->
