<?xml version="1.0" encoding="UTF-8"?>
<testng-results ignored="0" total="1" passed="1" failed="0" skipped="0">
  <reporter-output>
  </reporter-output>
  <suite started-at="2024-03-17T16:13:31 IST" name="Default suite" finished-at="2024-03-17T16:14:23 IST" duration-ms="51899">
    <groups>
    </groups>
    <test started-at="2024-03-17T16:13:31 IST" name="Default test" finished-at="2024-03-17T16:14:23 IST" duration-ms="51899">
      <class name="com.amazon.tests.AddProductsTest">
        <test-method is-config="true" signature="setup()[pri:0, instance:com.amazon.tests.AddProductsTest@4b013c76]" started-at="2024-03-17T16:13:31 IST" name="setup" finished-at="2024-03-17T16:13:33 IST" duration-ms="1648" status="PASS">
          <reporter-output>
          </reporter-output>
        </test-method> <!-- setup -->
        <test-method signature="addProductsToCart()[pri:2, instance:com.amazon.tests.AddProductsTest@4b013c76]" started-at="2024-03-17T16:13:33 IST" name="addProductsToCart" finished-at="2024-03-17T16:14:23 IST" duration-ms="50209" status="PASS">
          <reporter-output>
          </reporter-output>
        </test-method> <!-- addProductsToCart -->
      </class> <!-- com.amazon.tests.AddProductsTest -->
    </test> <!-- Default test -->
  </suite> <!-- Default suite -->
</testng-results>
